<?xml version="1.0" encoding="UTF-8"?>
<!-- Generated by org.testng.reporters.JUnitReportReporter -->
<testsuite skipped="0" hostname="DESKTOP-B0PUHGH" name="testcases.LoginTest" tests="1" failures="0" timestamp="2021-09-02T11:48:04 MST" time="24.079" errors="0">
  <testcase name="loginTest" time="24.079" classname="testcases.LoginTest"/>
</testsuite> <!-- testcases.LoginTest -->
