<?xml version="1.0" encoding="UTF-8"?>
<!-- Generated by org.testng.reporters.JUnitReportReporter -->
<testsuite skipped="0" hostname="DESKTOP-B0PUHGH" name="testcases.SampleTest" tests="1" failures="0" timestamp="2021-08-28T17:55:35 MST" time="0.002" errors="0">
  <testcase name="sampletest" time="0.002" classname="testcases.SampleTest"/>
</testsuite> <!-- testcases.SampleTest -->
